<?xml version="1.0" encoding="UTF-8"?>
<testsuite name="demo.base.BaseDemoTest" tests="1" skipped="0" failures="0" errors="0" timestamp="2022-08-26T03:55:42" hostname="MNLITA22-W10" time="0.013">
  <properties/>
  <testcase name="should_return_sum()" classname="demo.base.BaseDemoTest" time="0.013"/>
  <system-out><![CDATA[]]></system-out>
  <system-err><![CDATA[]]></system-err>
</testsuite>
