<?xml version="1.0" encoding="UTF-8"?>
<testsuite name="demo.base.BaseDemoTest" tests="1" skipped="0" failures="0" errors="0" timestamp="2022-08-26T05:32:43" hostname="MNLITA22-W10" time="0.012">
  <properties/>
  <testcase name="sum_of_negative_and_positive()" classname="demo.base.BaseDemoTest" time="0.012"/>
  <system-out><![CDATA[]]></system-out>
  <system-err><![CDATA[]]></system-err>
</testsuite>
